<?xml version="1.0" encoding="UTF-8"?>
<!-- Generated by org.testng.reporters.JUnitXMLReporter -->
<testsuite ignored="0" hostname="DESKTOP-BFCFUBE" failures="0" tests="4" name="Test" time="132.319" errors="0" timestamp="2021-04-26T17:45:39 CDT">
  <testcase classname="Project.project1.ValidateTitle" name="homePageNavig" time="0.776"/>
  <testcase classname="Project.project1.NavBar" name="homePageNavig" time="0.926"/>
  <testcase classname="Project.project1.HomePage" name="homePageNavig" time="20.361"/>
  <testcase classname="Project.project1.HomePage" name="homePageNavig" time="10.088"/>
</testsuite> <!-- Test -->
