<?xml version="1.0" encoding="UTF-8"?>
<!-- Generated by org.testng.reporters.JUnitXMLReporter -->
<testsuite ignored="0" hostname="DESKTOP-BFCFUBE" failures="2" tests="2" name="Validating page title" time="0.263" errors="0" timestamp="2021-04-29T05:56:00 CDT">
  <testcase classname="Project.project1.ValidateTitle" name="@AfterTest close" time="0.001">
    <failure type="java.lang.NullPointerException">
      <![CDATA[java.lang.NullPointerException
at Project.project1.ValidateTitle.close(ValidateTitle.java:37)
at java.base/java.util.concurrent.FutureTask.run(FutureTask.java:264)
at java.base/java.util.concurrent.ThreadPoolExecutor.runWorker(ThreadPoolExecutor.java:1128)
at java.base/java.util.concurrent.ThreadPoolExecutor$Worker.run(ThreadPoolExecutor.java:628)
at java.base/java.lang.Thread.run(Thread.java:834)
... Removed 15 stack frames]]>
    </failure>
  </testcase> <!-- @AfterTest close -->
  <testcase classname="Project.project1.ValidateTitle" name="homePageNavig" time="0.017">
    <failure type="java.lang.NullPointerException">
      <![CDATA[java.lang.NullPointerException
at pageObjects.Landingpage.getTitle(Landingpage.java:21)
at Project.project1.ValidateTitle.homePageNavig(ValidateTitle.java:32)
at java.base/java.util.ArrayList.forEach(ArrayList.java:1541)
at java.base/java.util.concurrent.FutureTask.run(FutureTask.java:264)
at java.base/java.util.concurrent.ThreadPoolExecutor.runWorker(ThreadPoolExecutor.java:1128)
at java.base/java.util.concurrent.ThreadPoolExecutor$Worker.run(ThreadPoolExecutor.java:628)
at java.base/java.lang.Thread.run(Thread.java:834)
... Removed 18 stack frames]]>
    </failure>
  </testcase> <!-- homePageNavig -->
  <testcase classname="Project.project1.ValidateTitle" name="homePageNavig" time="0.081">
    <failure type="java.lang.NullPointerException">
      <![CDATA[java.lang.NullPointerException
at Project.project1.base.getScreenshot(base.java:47)
at Project.project1.Listeners.onTestFailure(Listeners.java:31)
at java.base/java.util.ArrayList.forEach(ArrayList.java:1541)
at java.base/java.util.concurrent.FutureTask.run(FutureTask.java:264)
at java.base/java.util.concurrent.ThreadPoolExecutor.runWorker(ThreadPoolExecutor.java:1128)
at java.base/java.util.concurrent.ThreadPoolExecutor$Worker.run(ThreadPoolExecutor.java:628)
at java.base/java.lang.Thread.run(Thread.java:834)
... Removed 15 stack frames]]>
    </failure>
  </testcase> <!-- homePageNavig -->
</testsuite> <!-- Validating page title -->
