<?xml version="1.0" encoding="UTF-8"?>
<!-- Generated by org.testng.reporters.JUnitXMLReporter -->
<testsuite ignored="0" hostname="DESKTOP-BFCFUBE" failures="0" tests="4" name="Test1" time="122.998" errors="0" timestamp="2021-04-29T13:15:46 CDT">
  <testcase classname="Project.project1.ValidateTitle" name="homePageNavig" time="0.71"/>
  <testcase classname="Project.project1.NavBar" name="homePageNavig" time="0.867"/>
  <testcase classname="Project.project1.HomePage" name="homePageNavig" time="41.642"/>
  <testcase classname="Project.project1.HomePage" name="homePageNavig" time="16.858"/>
</testsuite> <!-- Test1 -->
