<?xml version="1.0" encoding="UTF-8"?>
<testng-results ignored="0" total="4" passed="3" failed="1" skipped="0">
  <reporter-output>
  </reporter-output>
  <suite started-at="2021-04-30T12:19:21 CDT" name="Suite" finished-at="2021-04-30T12:23:37 CDT" duration-ms="256567">
    <groups>
    </groups>
    <test started-at="2021-04-30T12:19:21 CDT" name="Validate Title" finished-at="2021-04-30T12:21:12 CDT" duration-ms="111283">
      <class name="Project.project1.ValidateTitle">
        <test-method is-config="true" signature="getbrowser()[pri:0, instance:Project.project1.ValidateTitle@5f3b9c57]" started-at="2021-04-30T12:19:21 CDT" name="getbrowser" finished-at="2021-04-30T12:20:58 CDT" duration-ms="96805" status="PASS">
          <reporter-output>
          </reporter-output>
        </test-method> <!-- getbrowser -->
        <test-method signature="homePageNavig()[pri:0, instance:Project.project1.ValidateTitle@5f3b9c57]" started-at="2021-04-30T12:20:58 CDT" name="homePageNavig" finished-at="2021-04-30T12:20:59 CDT" duration-ms="745" status="PASS">
          <reporter-output>
          </reporter-output>
        </test-method> <!-- homePageNavig -->
        <test-method is-config="true" signature="closeTest()[pri:0, instance:Project.project1.ValidateTitle@5f3b9c57]" started-at="2021-04-30T12:20:59 CDT" name="closeTest" finished-at="2021-04-30T12:21:12 CDT" duration-ms="13655" status="PASS">
          <reporter-output>
          </reporter-output>
        </test-method> <!-- closeTest -->
      </class> <!-- Project.project1.ValidateTitle -->
    </test> <!-- Validate Title -->
    <test started-at="2021-04-30T12:21:19 CDT" name="Validate home page" finished-at="2021-04-30T12:23:07 CDT" duration-ms="108385">
      <class name="Project.project1.HomePage">
        <test-method is-config="true" signature="initialize()[pri:0, instance:Project.project1.HomePage@2cab9998]" started-at="2021-04-30T12:21:19 CDT" name="initialize" finished-at="2021-04-30T12:21:40 CDT" duration-ms="21090" status="PASS">
          <reporter-output>
          </reporter-output>
        </test-method> <!-- initialize -->
        <test-method signature="homePageNavig(java.lang.String,java.lang.String,java.lang.String)[pri:0, instance:Project.project1.HomePage@2cab9998]" started-at="2021-04-30T12:21:40 CDT" name="homePageNavig" data-provider="getData" finished-at="2021-04-30T12:22:36 CDT" duration-ms="55563" status="FAIL">
          <params>
            <param index="0">
              <value>
                <![CDATA[nonrestricted@email]]>
              </value>
            </param>
            <param index="1">
              <value>
                <![CDATA[pass]]>
              </value>
            </param>
            <param index="2">
              <value>
                <![CDATA[nonrestricteduser]]>
              </value>
            </param>
          </params>
          <exception class="org.openqa.selenium.ElementClickInterceptedException">
            <message>
              <![CDATA[element click intercepted: Element <a href="https://rahulshettyacademy.com/sign_in/">...</a> is not clickable at point (1324, 16). Other element would receive the click: <div class="listbuilder-popup-content">...</div>
  (Session info: chrome=90.0.4430.85)
Build info: version: '3.141.59', revision: 'e82be7d358', time: '2018-11-14T08:17:03'
System info: host: 'DESKTOP-BFCFUBE', ip: '192.168.1.211', os.name: 'Windows 10', os.arch: 'amd64', os.version: '10.0', java.version: '11.0.10'
Driver info: org.openqa.selenium.chrome.ChromeDriver
Capabilities {acceptInsecureCerts: false, browserName: chrome, browserVersion: 90.0.4430.85, chrome: {chromedriverVersion: 90.0.4430.24 (4c6d850f087da..., userDataDir: C:\Users\PC\AppData\Local\T...}, goog:chromeOptions: {debuggerAddress: localhost:54913}, javascriptEnabled: true, networkConnectionEnabled: false, pageLoadStrategy: normal, platform: WINDOWS, platformName: WINDOWS, proxy: Proxy(), setWindowRect: true, strictFileInteractability: false, timeouts: {implicit: 0, pageLoad: 300000, script: 30000}, unhandledPromptBehavior: dismiss and notify, webauthn:extension:largeBlob: true, webauthn:virtualAuthenticators: true}
Session ID: 83712d3615637014d1dc0c94a443ff69]]>
            </message>
            <full-stacktrace>
              <![CDATA[org.openqa.selenium.ElementClickInterceptedException: element click intercepted: Element <a href="https://rahulshettyacademy.com/sign_in/">...</a> is not clickable at point (1324, 16). Other element would receive the click: <div class="listbuilder-popup-content">...</div>
  (Session info: chrome=90.0.4430.85)
Build info: version: '3.141.59', revision: 'e82be7d358', time: '2018-11-14T08:17:03'
System info: host: 'DESKTOP-BFCFUBE', ip: '192.168.1.211', os.name: 'Windows 10', os.arch: 'amd64', os.version: '10.0', java.version: '11.0.10'
Driver info: org.openqa.selenium.chrome.ChromeDriver
Capabilities {acceptInsecureCerts: false, browserName: chrome, browserVersion: 90.0.4430.85, chrome: {chromedriverVersion: 90.0.4430.24 (4c6d850f087da..., userDataDir: C:\Users\PC\AppData\Local\T...}, goog:chromeOptions: {debuggerAddress: localhost:54913}, javascriptEnabled: true, networkConnectionEnabled: false, pageLoadStrategy: normal, platform: WINDOWS, platformName: WINDOWS, proxy: Proxy(), setWindowRect: true, strictFileInteractability: false, timeouts: {implicit: 0, pageLoad: 300000, script: 30000}, unhandledPromptBehavior: dismiss and notify, webauthn:extension:largeBlob: true, webauthn:virtualAuthenticators: true}
Session ID: 83712d3615637014d1dc0c94a443ff69
at java.base/jdk.internal.reflect.NativeConstructorAccessorImpl.newInstance0(Native Method)
at java.base/jdk.internal.reflect.NativeConstructorAccessorImpl.newInstance(NativeConstructorAccessorImpl.java:62)
at java.base/jdk.internal.reflect.DelegatingConstructorAccessorImpl.newInstance(DelegatingConstructorAccessorImpl.java:45)
at java.base/java.lang.reflect.Constructor.newInstance(Constructor.java:490)
at org.openqa.selenium.remote.http.W3CHttpResponseCodec.createException(W3CHttpResponseCodec.java:187)
at org.openqa.selenium.remote.http.W3CHttpResponseCodec.decode(W3CHttpResponseCodec.java:122)
at org.openqa.selenium.remote.http.W3CHttpResponseCodec.decode(W3CHttpResponseCodec.java:49)
at org.openqa.selenium.remote.HttpCommandExecutor.execute(HttpCommandExecutor.java:158)
at org.openqa.selenium.remote.service.DriverCommandExecutor.execute(DriverCommandExecutor.java:83)
at org.openqa.selenium.remote.RemoteWebDriver.execute(RemoteWebDriver.java:552)
at org.openqa.selenium.remote.RemoteWebElement.execute(RemoteWebElement.java:285)
at org.openqa.selenium.remote.RemoteWebElement.click(RemoteWebElement.java:84)
at pageObjects.Landingpage.getLogin(Landingpage.java:19)
at Project.project1.HomePage.homePageNavig(HomePage.java:37)
at java.base/jdk.internal.reflect.NativeMethodAccessorImpl.invoke0(Native Method)
at java.base/jdk.internal.reflect.NativeMethodAccessorImpl.invoke(NativeMethodAccessorImpl.java:62)
at java.base/jdk.internal.reflect.DelegatingMethodAccessorImpl.invoke(DelegatingMethodAccessorImpl.java:43)
at java.base/java.lang.reflect.Method.invoke(Method.java:566)
at org.testng.internal.MethodInvocationHelper.invokeMethod(MethodInvocationHelper.java:133)
at org.testng.internal.TestInvoker.invokeMethod(TestInvoker.java:598)
at org.testng.internal.TestInvoker.invokeTestMethod(TestInvoker.java:173)
at org.testng.internal.MethodRunner.runInSequence(MethodRunner.java:46)
at org.testng.internal.TestInvoker$MethodInvocationAgent.invoke(TestInvoker.java:824)
at org.testng.internal.TestInvoker.invokeTestMethods(TestInvoker.java:146)
at org.testng.internal.TestMethodWorker.invokeTestMethods(TestMethodWorker.java:146)
at org.testng.internal.TestMethodWorker.run(TestMethodWorker.java:128)
at java.base/java.util.ArrayList.forEach(ArrayList.java:1541)
at org.testng.TestRunner.privateRun(TestRunner.java:794)
at org.testng.TestRunner.run(TestRunner.java:596)
at org.testng.SuiteRunner.runTest(SuiteRunner.java:377)
at org.testng.SuiteRunner.runSequentially(SuiteRunner.java:371)
at org.testng.SuiteRunner.privateRun(SuiteRunner.java:332)
at org.testng.SuiteRunner.run(SuiteRunner.java:276)
at org.testng.SuiteRunnerWorker.runSuite(SuiteRunnerWorker.java:53)
at org.testng.SuiteRunnerWorker.run(SuiteRunnerWorker.java:96)
at org.testng.TestNG.runSuitesSequentially(TestNG.java:1212)
at org.testng.TestNG.runSuitesLocally(TestNG.java:1134)
at org.testng.TestNG.runSuites(TestNG.java:1063)
at org.testng.TestNG.run(TestNG.java:1031)
at org.apache.maven.surefire.testng.TestNGExecutor.run(TestNGExecutor.java:284)
at org.apache.maven.surefire.testng.TestNGXmlTestSuite.execute(TestNGXmlTestSuite.java:75)
at org.apache.maven.surefire.testng.TestNGProvider.invoke(TestNGProvider.java:119)
at org.apache.maven.surefire.booter.ForkedBooter.runSuitesInProcess(ForkedBooter.java:428)
at org.apache.maven.surefire.booter.ForkedBooter.execute(ForkedBooter.java:162)
at org.apache.maven.surefire.booter.ForkedBooter.run(ForkedBooter.java:562)
at org.apache.maven.surefire.booter.ForkedBooter.main(ForkedBooter.java:548)
]]>
            </full-stacktrace>
          </exception> <!-- org.openqa.selenium.ElementClickInterceptedException -->
          <reporter-output>
          </reporter-output>
        </test-method> <!-- homePageNavig -->
        <test-method signature="homePageNavig(java.lang.String,java.lang.String,java.lang.String)[pri:0, instance:Project.project1.HomePage@2cab9998]" started-at="2021-04-30T12:22:39 CDT" name="homePageNavig" data-provider="getData" finished-at="2021-04-30T12:22:56 CDT" duration-ms="17374" status="PASS">
          <params>
            <param index="0">
              <value>
                <![CDATA[restricted@email]]>
              </value>
            </param>
            <param index="1">
              <value>
                <![CDATA[restpass]]>
              </value>
            </param>
            <param index="2">
              <value>
                <![CDATA[restuser]]>
              </value>
            </param>
          </params>
          <reporter-output>
          </reporter-output>
        </test-method> <!-- homePageNavig -->
        <test-method is-config="true" signature="closeTest()[pri:0, instance:Project.project1.HomePage@2cab9998]" started-at="2021-04-30T12:22:56 CDT" name="closeTest" finished-at="2021-04-30T12:23:07 CDT" duration-ms="11538" status="PASS">
          <reporter-output>
          </reporter-output>
        </test-method> <!-- closeTest -->
      </class> <!-- Project.project1.HomePage -->
    </test> <!-- Validate home page -->
    <test started-at="2021-04-30T12:23:08 CDT" name="Validate Navigation bar" finished-at="2021-04-30T12:23:37 CDT" duration-ms="29743">
      <class name="Project.project1.NavBar">
        <test-method is-config="true" signature="startbrowser()[pri:0, instance:Project.project1.NavBar@7859e786]" started-at="2021-04-30T12:23:08 CDT" name="startbrowser" finished-at="2021-04-30T12:23:34 CDT" duration-ms="26665" status="PASS">
          <reporter-output>
          </reporter-output>
        </test-method> <!-- startbrowser -->
        <test-method signature="homePageNavig()[pri:0, instance:Project.project1.NavBar@7859e786]" started-at="2021-04-30T12:23:34 CDT" name="homePageNavig" finished-at="2021-04-30T12:23:35 CDT" duration-ms="572" status="PASS">
          <reporter-output>
          </reporter-output>
        </test-method> <!-- homePageNavig -->
        <test-method is-config="true" signature="closeTest()[pri:0, instance:Project.project1.NavBar@7859e786]" started-at="2021-04-30T12:23:35 CDT" name="closeTest" finished-at="2021-04-30T12:23:37 CDT" duration-ms="2503" status="PASS">
          <reporter-output>
          </reporter-output>
        </test-method> <!-- closeTest -->
      </class> <!-- Project.project1.NavBar -->
    </test> <!-- Validate Navigation bar -->
  </suite> <!-- Suite -->
</testng-results>
